[debug] [2022-09-27T00:09:49.856Z] ----------------------------------------------------------------------
[debug] [2022-09-27T00:09:49.858Z] Command:       C:\Program Files\nodejs\node.exe C:\Users\Connor\AppData\Roaming\npm\node_modules\firebase-tools\lib\bin\firebase.js emulators:start
[debug] [2022-09-27T00:09:49.858Z] CLI Version:   11.10.0
[debug] [2022-09-27T00:09:49.858Z] Platform:      win32
[debug] [2022-09-27T00:09:49.859Z] Node Version:  v16.14.0
[debug] [2022-09-27T00:09:49.859Z] Time:          Mon Sep 26 2022 19:09:49 GMT-0500 (Central Daylight Time)
[debug] [2022-09-27T00:09:49.859Z] ----------------------------------------------------------------------
[debug] 
[debug] [2022-09-27T00:09:49.924Z] > command requires scopes: ["email","openid","https://www.googleapis.com/auth/cloudplatformprojects.readonly","https://www.googleapis.com/auth/firebase","https://www.googleapis.com/auth/cloud-platform"]
[debug] [2022-09-27T00:09:49.924Z] > authorizing via signed-in user (connurp@gmail.com)
[info] i  emulators: Starting emulators: functions, hosting {"metadata":{"emulator":{"name":"hub"},"message":"Starting emulators: functions, hosting"}}
[debug] [2022-09-27T00:09:49.940Z] [hub] writing locator at C:\Users\Connor\AppData\Local\Temp\hub-clone-8ace2.json
[warn] !  functions: The following emulators are not running, calls to these services from the Functions emulator will affect production: auth, firestore, database, pubsub, storage, eventarc {"metadata":{"emulator":{"name":"functions"},"message":"The following emulators are not running, calls to these services from the Functions emulator will affect production: \u001b[1mauth, firestore, database, pubsub, storage, eventarc\u001b[22m"}}
[info] +  functions: Using node@16 from host. {"metadata":{"emulator":{"name":"functions"},"message":"Using node@16 from host."}}
[debug] [2022-09-27T00:09:49.982Z] defaultcredentials: writing to file C:\Users\Connor\AppData\Roaming\firebase\connurp_gmail_com_application_default_credentials.json
[debug] [2022-09-27T00:09:49.988Z] Setting GAC to C:\Users\Connor\AppData\Roaming\firebase\connurp_gmail_com_application_default_credentials.json {"metadata":{"emulator":{"name":"functions"},"message":"Setting GAC to C:\\Users\\Connor\\AppData\\Roaming\\firebase\\connurp_gmail_com_application_default_credentials.json"}}
[debug] [2022-09-27T00:09:49.990Z] >>> [apiv2][query] GET https://firebase.googleapis.com/v1beta1/projects/clone-8ace2/adminSdkConfig [none]
[debug] [2022-09-27T00:09:50.344Z] <<< [apiv2][status] GET https://firebase.googleapis.com/v1beta1/projects/clone-8ace2/adminSdkConfig 200
[debug] [2022-09-27T00:09:50.344Z] <<< [apiv2][body] GET https://firebase.googleapis.com/v1beta1/projects/clone-8ace2/adminSdkConfig {"projectId":"clone-8ace2","storageBucket":"clone-8ace2.appspot.com","locationId":"us-central"}
[debug] [2022-09-27T00:09:50.359Z] >>> [apiv2][query] GET https://firebasehosting.googleapis.com/v1beta1/projects/clone-8ace2/sites 
[debug] [2022-09-27T00:09:50.811Z] <<< [apiv2][status] GET https://firebasehosting.googleapis.com/v1beta1/projects/clone-8ace2/sites 200
[debug] [2022-09-27T00:09:50.811Z] <<< [apiv2][body] GET https://firebasehosting.googleapis.com/v1beta1/projects/clone-8ace2/sites {"sites":[{"name":"projects/clone-8ace2/sites/clone-8ace2","defaultUrl":"https://clone-8ace2.web.app","appId":"1:818417644309:web:4a79f7b060f1aa66d16f1c","type":"DEFAULT_SITE"}]}
[debug] [2022-09-27T00:09:50.812Z] >>> [apiv2][query] GET https://firebase.googleapis.com/v1beta1/projects/clone-8ace2/webApps/1:818417644309:web:4a79f7b060f1aa66d16f1c/config [none]
[debug] [2022-09-27T00:09:51.122Z] <<< [apiv2][status] GET https://firebase.googleapis.com/v1beta1/projects/clone-8ace2/webApps/1:818417644309:web:4a79f7b060f1aa66d16f1c/config 200
[debug] [2022-09-27T00:09:51.122Z] <<< [apiv2][body] GET https://firebase.googleapis.com/v1beta1/projects/clone-8ace2/webApps/1:818417644309:web:4a79f7b060f1aa66d16f1c/config {"projectId":"clone-8ace2","appId":"1:818417644309:web:4a79f7b060f1aa66d16f1c","storageBucket":"clone-8ace2.appspot.com","locationId":"us-central","apiKey":"AIzaSyCRPcEy66RnF_U9VKLSwnui3XYhx_vvtII","authDomain":"clone-8ace2.firebaseapp.com","messagingSenderId":"818417644309","measurementId":"G-KSCB2BMPX2"}
[info] i  hosting: Serving hosting files from: build {"metadata":{"emulator":{"name":"hosting"},"message":"Serving hosting files from: \u001b[1mbuild\u001b[22m"}}
[info] +  hosting: Local server: http://localhost:5000 {"metadata":{"emulator":{"name":"hosting"},"message":"Local server: \u001b[4m\u001b[1mhttp://localhost:5000\u001b[22m\u001b[24m"}}
[debug] [2022-09-27T00:09:51.149Z] Ignoring unsupported arg: auto_download {"metadata":{"emulator":{"name":"ui"},"message":"Ignoring unsupported arg: auto_download"}}
[debug] [2022-09-27T00:09:51.149Z] Ignoring unsupported arg: port {"metadata":{"emulator":{"name":"ui"},"message":"Ignoring unsupported arg: port"}}
[debug] [2022-09-27T00:09:51.150Z] Starting Emulator UI with command {"binary":"node","args":["C:\\Users\\Connor\\.cache\\firebase\\emulators\\ui-v1.9.0\\server\\server.js"],"optionalArgs":[],"joinArgs":false} {"metadata":{"emulator":{"name":"ui"},"message":"Starting Emulator UI with command {\"binary\":\"node\",\"args\":[\"C:\\\\Users\\\\Connor\\\\.cache\\\\firebase\\\\emulators\\\\ui-v1.9.0\\\\server\\\\server.js\"],\"optionalArgs\":[],\"joinArgs\":false}"}}
[info] i  ui: Emulator UI logging to ui-debug.log {"metadata":{"emulator":{"name":"ui"},"message":"Emulator UI logging to \u001b[1mui-debug.log\u001b[22m"}}
[debug] [2022-09-27T00:09:51.350Z] Web / API server started at localhost:4000
 {"metadata":{"emulator":{"name":"ui"},"message":"Web / API server started at localhost:4000\n"}}
[info] i  functions: Watching "C:\Users\Connor\Desktop\Devmountain\amazonCloneFinalProject\amazon-clone\functions" for Cloud Functions... {"metadata":{"emulator":{"name":"functions"},"message":"Watching \"C:\\Users\\Connor\\Desktop\\Devmountain\\amazonCloneFinalProject\\amazon-clone\\functions\" for Cloud Functions..."}}
[debug] [2022-09-27T00:09:51.497Z] Validating nodejs source
[debug] [2022-09-27T00:09:53.689Z] > [functions] package.json contents: {
  "name": "functions",
  "description": "Cloud Functions for Firebase",
  "scripts": {
    "lint": "eslint .",
    "serve": "firebase emulators:start --only functions",
    "shell": "firebase functions:shell",
    "start": "npm run shell",
    "deploy": "firebase deploy --only functions",
    "logs": "firebase functions:log"
  },
  "engines": {
    "node": "16"
  },
  "main": "index.js",
  "dependencies": {
    "cors": "^2.8.5",
    "express": "^4.18.1",
    "firebase-admin": "^10.0.2",
    "firebase-functions": "^3.18.0",
    "stripe": "^10.10.0"
  },
  "devDependencies": {
    "eslint": "^8.9.0",
    "eslint-config-google": "^0.14.0",
    "firebase-functions-test": "^0.2.0"
  },
  "private": true
}
[debug] [2022-09-27T00:09:53.689Z] Building nodejs source
[debug] [2022-09-27T00:09:53.689Z] Analyzing nodejs backend spec
[debug] [2022-09-27T00:09:53.690Z] Could not find functions.yaml. Must use http discovery
[debug] [2022-09-27T00:09:53.935Z] Serving at port 9005

[debug] [2022-09-27T00:09:54.063Z] Got response from /__/functions.yaml {"endpoints":{"api":{"platform":"gcfv1","httpsTrigger":{},"entryPoint":"api"}},"specVersion":"v1alpha1","requiredAPIs":[]}
[debug] [2022-09-27T00:09:54.069Z] shutdown requested via /__/quitquitquit

[info] +  functions: Loaded functions definitions from source: api. {"metadata":{"emulator":{"name":"functions"},"message":"Loaded functions definitions from source: api."}}
[info] +  functions[us-central1-api]: http function initialized (http://localhost:5001/clone-8ace2/us-central1/api). {"metadata":{"emulator":{"name":"functions"},"message":"\u001b[1mhttp\u001b[22m function initialized (http://localhost:5001/clone-8ace2/us-central1/api)."}}
[info] 
┌─────────────────────────────────────────────────────────────┐
│ ✔  All emulators ready! It is now safe to connect your app. │
│ i  View Emulator UI at http://localhost:4000                │
└─────────────────────────────────────────────────────────────┘

┌───────────┬────────────────┬─────────────────────────────────┐
│ Emulator  │ Host:Port      │ View in Emulator UI             │
├───────────┼────────────────┼─────────────────────────────────┤
│ Functions │ localhost:5001 │ http://localhost:4000/functions │
├───────────┼────────────────┼─────────────────────────────────┤
│ Hosting   │ localhost:5000 │ n/a                             │
└───────────┴────────────────┴─────────────────────────────────┘
  Emulator Hub running at localhost:4400
  Other reserved ports: 4500

Issues? Report them at https://github.com/firebase/firebase-tools/issues and attach the *-debug.log files.
 
[debug] [2022-09-27T00:10:34.972Z] [work-queue] {"queueLength":1,"workRunningCount":0}
[debug] [2022-09-27T00:10:34.972Z] [work-queue] {"queueLength":0,"workRunningCount":1}
[debug] [2022-09-27T00:10:34.973Z] Accepted request POST /clone-8ace2/us-central1/api/payments/create?total=3086 --> us-central1-api
[debug] [2022-09-27T00:10:34.976Z] [functions] Runtime ready! Sending request! {"metadata":{"emulator":{"name":"functions"},"message":"[functions] Runtime ready! Sending request!"}}
[debug] [2022-09-27T00:10:34.976Z] [functions] Got req.url=/clone-8ace2/us-central1/api/payments/create?total=3086, mapping to path=/payments/create?total=3086 {"metadata":{"emulator":{"name":"functions"},"message":"[functions] Got req.url=/clone-8ace2/us-central1/api/payments/create?total=3086, mapping to path=/payments/create?total=3086"}}
[debug] [2022-09-27T00:10:35.045Z] [worker-pool] addWorker(us-central1-api) {"metadata":{"emulator":{"name":"functions"},"message":"[worker-pool] addWorker(us-central1-api)"}}
[debug] [2022-09-27T00:10:35.046Z] [worker-pool] Adding worker with key us-central1-api, total=1 {"metadata":{"emulator":{"name":"functions"},"message":"[worker-pool] Adding worker with key us-central1-api, total=1"}}
[debug] [2022-09-27T00:10:35.047Z] [work-queue] {"queueLength":1,"workRunningCount":1}
[debug] [2022-09-27T00:10:35.047Z] [work-queue] {"queueLength":0,"workRunningCount":2}
[debug] [2022-09-27T00:10:35.047Z] Accepted request POST /clone-8ace2/us-central1/api/payments/create?total=3086 --> us-central1-api
[debug] [2022-09-27T00:10:35.049Z] [functions] Runtime ready! Sending request! {"metadata":{"emulator":{"name":"functions"},"message":"[functions] Runtime ready! Sending request!"}}
[debug] [2022-09-27T00:10:35.049Z] [functions] Got req.url=/clone-8ace2/us-central1/api/payments/create?total=3086, mapping to path=/payments/create?total=3086 {"metadata":{"emulator":{"name":"functions"},"message":"[functions] Got req.url=/clone-8ace2/us-central1/api/payments/create?total=3086, mapping to path=/payments/create?total=3086"}}
[debug] [2022-09-27T00:10:35.050Z] [worker-pool] submitRequest(triggerId=us-central1-api) {"metadata":{"emulator":{"name":"functions"},"message":"[worker-pool] submitRequest(triggerId=us-central1-api)"}}
[debug] [2022-09-27T00:10:35.050Z] [worker-us-central1-api-2ba91732-d898-456d-8cf7-63cc30f67f4c]: BUSY {"metadata":{"emulator":{"name":"functions"},"message":"[worker-us-central1-api-2ba91732-d898-456d-8cf7-63cc30f67f4c]: BUSY"}}
[debug] [2022-09-27T00:10:35.052Z] [work-queue] {"queueLength":0,"workRunningCount":1}
[debug] [2022-09-27T00:10:35.054Z] [worker-us-central1-api-2ba91732-d898-456d-8cf7-63cc30f67f4c]: exited {"metadata":{"emulator":{"name":"functions"},"message":"[worker-us-central1-api-2ba91732-d898-456d-8cf7-63cc30f67f4c]: exited"}}
[debug] [2022-09-27T00:10:35.054Z] [worker-us-central1-api-2ba91732-d898-456d-8cf7-63cc30f67f4c]: FINISHED {"metadata":{"emulator":{"name":"functions"},"message":"[worker-us-central1-api-2ba91732-d898-456d-8cf7-63cc30f67f4c]: FINISHED"}}
[debug] FirebaseError: Failed to load function.
    at Timeout._onTimeout (C:\Users\Connor\AppData\Roaming\npm\node_modules\firebase-tools\lib\emulator\functionsRuntimeWorker.js:152:24)
    at listOnTimeout (node:internal/timers:559:17)
    at processTimers (node:internal/timers:502:7) {"metadata":{"emulator":{"name":"functions"},"message":{"name":"FirebaseError","children":[],"exit":1,"message":"Failed to load function.","status":500}}}
[debug] [2022-09-27T00:11:05.060Z] [work-queue] {"queueLength":0,"workRunningCount":0}
[debug] [2022-09-27T00:12:33.116Z] [work-queue] {"queueLength":1,"workRunningCount":0}
[debug] [2022-09-27T00:12:33.116Z] [work-queue] {"queueLength":0,"workRunningCount":1}
[debug] [2022-09-27T00:12:33.116Z] Accepted request GET /clone-8ace2/us-central1/api --> us-central1-api
[debug] [2022-09-27T00:12:33.118Z] [functions] Runtime ready! Sending request! {"metadata":{"emulator":{"name":"functions"},"message":"[functions] Runtime ready! Sending request!"}}
[debug] [2022-09-27T00:12:33.118Z] [functions] Got req.url=/clone-8ace2/us-central1/api, mapping to path=/ {"metadata":{"emulator":{"name":"functions"},"message":"[functions] Got req.url=/clone-8ace2/us-central1/api, mapping to path=/"}}
[debug] [2022-09-27T00:12:33.118Z] [worker-pool] Cleaned up workers for us-central1-api: 1 --> 0 {"metadata":{"emulator":{"name":"functions"},"message":"[worker-pool] Cleaned up workers for us-central1-api: 1 --> 0"}}
[debug] [2022-09-27T00:12:33.181Z] [worker-pool] addWorker(us-central1-api) {"metadata":{"emulator":{"name":"functions"},"message":"[worker-pool] addWorker(us-central1-api)"}}
[debug] [2022-09-27T00:12:33.181Z] [worker-pool] Adding worker with key us-central1-api, total=1 {"metadata":{"emulator":{"name":"functions"},"message":"[worker-pool] Adding worker with key us-central1-api, total=1"}}
[debug] [2022-09-27T00:12:34.151Z] [runtime-status] [12812] Resolved module firebase-admin {"declared":true,"installed":true,"version":"10.3.0","resolution":"C:\\Users\\Connor\\Desktop\\Devmountain\\amazonCloneFinalProject\\amazon-clone\\functions\\node_modules\\firebase-admin\\lib\\index.js"} {"metadata":{"emulator":{"name":"functions"},"function":{"name":"us-central1-api"},"extension":{},"message":"[runtime-status] [12812] Resolved module firebase-admin {\"declared\":true,\"installed\":true,\"version\":\"10.3.0\",\"resolution\":\"C:\\\\Users\\\\Connor\\\\Desktop\\\\Devmountain\\\\amazonCloneFinalProject\\\\amazon-clone\\\\functions\\\\node_modules\\\\firebase-admin\\\\lib\\\\index.js\"}"}}
[debug] [2022-09-27T00:12:34.152Z] [runtime-status] [12812] Resolved module firebase-functions {"declared":true,"installed":true,"version":"3.24.0","resolution":"C:\\Users\\Connor\\Desktop\\Devmountain\\amazonCloneFinalProject\\amazon-clone\\functions\\node_modules\\firebase-functions\\lib\\index.js"} {"metadata":{"emulator":{"name":"functions"},"function":{"name":"us-central1-api"},"extension":{},"message":"[runtime-status] [12812] Resolved module firebase-functions {\"declared\":true,\"installed\":true,\"version\":\"3.24.0\",\"resolution\":\"C:\\\\Users\\\\Connor\\\\Desktop\\\\Devmountain\\\\amazonCloneFinalProject\\\\amazon-clone\\\\functions\\\\node_modules\\\\firebase-functions\\\\lib\\\\index.js\"}"}}
[debug] [2022-09-27T00:12:34.153Z] [runtime-status] [12812] Outgoing network have been stubbed. [{"name":"http","status":"mocked"},{"name":"http","status":"mocked"},{"name":"https","status":"mocked"},{"name":"https","status":"mocked"},{"name":"net","status":"mocked"}] {"metadata":{"emulator":{"name":"functions"},"function":{"name":"us-central1-api"},"extension":{},"message":"[runtime-status] [12812] Outgoing network have been stubbed. [{\"name\":\"http\",\"status\":\"mocked\"},{\"name\":\"http\",\"status\":\"mocked\"},{\"name\":\"https\",\"status\":\"mocked\"},{\"name\":\"https\",\"status\":\"mocked\"},{\"name\":\"net\",\"status\":\"mocked\"}]"}}
[debug] [2022-09-27T00:12:34.153Z] [runtime-status] [12812] Resolved module firebase-functions {"declared":true,"installed":true,"version":"3.24.0","resolution":"C:\\Users\\Connor\\Desktop\\Devmountain\\amazonCloneFinalProject\\amazon-clone\\functions\\node_modules\\firebase-functions\\lib\\index.js"} {"metadata":{"emulator":{"name":"functions"},"function":{"name":"us-central1-api"},"extension":{},"message":"[runtime-status] [12812] Resolved module firebase-functions {\"declared\":true,\"installed\":true,\"version\":\"3.24.0\",\"resolution\":\"C:\\\\Users\\\\Connor\\\\Desktop\\\\Devmountain\\\\amazonCloneFinalProject\\\\amazon-clone\\\\functions\\\\node_modules\\\\firebase-functions\\\\lib\\\\index.js\"}"}}
[debug] [2022-09-27T00:12:34.192Z] [runtime-status] [12812] Checked functions.config() {"config":{}} {"metadata":{"emulator":{"name":"functions"},"function":{"name":"us-central1-api"},"extension":{},"message":"[runtime-status] [12812] Checked functions.config() {\"config\":{}}"}}
[debug] [2022-09-27T00:12:34.192Z] [runtime-status] [12812] firebase-functions has been stubbed. {"functionsResolution":{"declared":true,"installed":true,"version":"3.24.0","resolution":"C:\\Users\\Connor\\Desktop\\Devmountain\\amazonCloneFinalProject\\amazon-clone\\functions\\node_modules\\firebase-functions\\lib\\index.js"}} {"metadata":{"emulator":{"name":"functions"},"function":{"name":"us-central1-api"},"extension":{},"message":"[runtime-status] [12812] firebase-functions has been stubbed. {\"functionsResolution\":{\"declared\":true,\"installed\":true,\"version\":\"3.24.0\",\"resolution\":\"C:\\\\Users\\\\Connor\\\\Desktop\\\\Devmountain\\\\amazonCloneFinalProject\\\\amazon-clone\\\\functions\\\\node_modules\\\\firebase-functions\\\\lib\\\\index.js\"}}"}}
[debug] [2022-09-27T00:12:34.193Z] [runtime-status] [12812] Resolved module firebase-functions {"declared":true,"installed":true,"version":"3.24.0","resolution":"C:\\Users\\Connor\\Desktop\\Devmountain\\amazonCloneFinalProject\\amazon-clone\\functions\\node_modules\\firebase-functions\\lib\\index.js"} {"metadata":{"emulator":{"name":"functions"},"function":{"name":"us-central1-api"},"extension":{},"message":"[runtime-status] [12812] Resolved module firebase-functions {\"declared\":true,\"installed\":true,\"version\":\"3.24.0\",\"resolution\":\"C:\\\\Users\\\\Connor\\\\Desktop\\\\Devmountain\\\\amazonCloneFinalProject\\\\amazon-clone\\\\functions\\\\node_modules\\\\firebase-functions\\\\lib\\\\index.js\"}"}}
[debug] [2022-09-27T00:12:34.194Z] [runtime-status] [12812] Resolved module firebase-admin {"declared":true,"installed":true,"version":"10.3.0","resolution":"C:\\Users\\Connor\\Desktop\\Devmountain\\amazonCloneFinalProject\\amazon-clone\\functions\\node_modules\\firebase-admin\\lib\\index.js"} {"metadata":{"emulator":{"name":"functions"},"function":{"name":"us-central1-api"},"extension":{},"message":"[runtime-status] [12812] Resolved module firebase-admin {\"declared\":true,\"installed\":true,\"version\":\"10.3.0\",\"resolution\":\"C:\\\\Users\\\\Connor\\\\Desktop\\\\Devmountain\\\\amazonCloneFinalProject\\\\amazon-clone\\\\functions\\\\node_modules\\\\firebase-admin\\\\lib\\\\index.js\"}"}}
[debug] [2022-09-27T00:12:34.194Z] [runtime-status] [12812] Resolved module firebase-functions {"declared":true,"installed":true,"version":"3.24.0","resolution":"C:\\Users\\Connor\\Desktop\\Devmountain\\amazonCloneFinalProject\\amazon-clone\\functions\\node_modules\\firebase-functions\\lib\\index.js"} {"metadata":{"emulator":{"name":"functions"},"function":{"name":"us-central1-api"},"extension":{},"message":"[runtime-status] [12812] Resolved module firebase-functions {\"declared\":true,\"installed\":true,\"version\":\"3.24.0\",\"resolution\":\"C:\\\\Users\\\\Connor\\\\Desktop\\\\Devmountain\\\\amazonCloneFinalProject\\\\amazon-clone\\\\functions\\\\node_modules\\\\firebase-functions\\\\lib\\\\index.js\"}"}}
[debug] [2022-09-27T00:12:34.195Z] [runtime-status] [12812] firebase-admin has been stubbed. {"adminResolution":{"declared":true,"installed":true,"version":"10.3.0","resolution":"C:\\Users\\Connor\\Desktop\\Devmountain\\amazonCloneFinalProject\\amazon-clone\\functions\\node_modules\\firebase-admin\\lib\\index.js"}} {"metadata":{"emulator":{"name":"functions"},"function":{"name":"us-central1-api"},"extension":{},"message":"[runtime-status] [12812] firebase-admin has been stubbed. {\"adminResolution\":{\"declared\":true,\"installed\":true,\"version\":\"10.3.0\",\"resolution\":\"C:\\\\Users\\\\Connor\\\\Desktop\\\\Devmountain\\\\amazonCloneFinalProject\\\\amazon-clone\\\\functions\\\\node_modules\\\\firebase-admin\\\\lib\\\\index.js\"}}"}}
[debug] [2022-09-27T00:12:34.349Z] [runtime-status] [12812] Functions runtime initialized. {"cwd":"C:\\Users\\Connor\\Desktop\\Devmountain\\amazonCloneFinalProject\\amazon-clone\\functions","node_version":"16.14.0"} {"metadata":{"emulator":{"name":"functions"},"function":{"name":"us-central1-api"},"extension":{},"message":"[runtime-status] [12812] Functions runtime initialized. {\"cwd\":\"C:\\\\Users\\\\Connor\\\\Desktop\\\\Devmountain\\\\amazonCloneFinalProject\\\\amazon-clone\\\\functions\",\"node_version\":\"16.14.0\"}"}}
[debug] [2022-09-27T00:12:34.349Z] [runtime-status] [12812] Listening to port: \\?\pipe\fire_emu_091a1359f5742c17 {"metadata":{"emulator":{"name":"functions"},"function":{"name":"us-central1-api"},"extension":{},"message":"[runtime-status] [12812] Listening to port: \\\\?\\pipe\\fire_emu_091a1359f5742c17"}}
[debug] [2022-09-27T00:12:34.398Z] [worker-pool] submitRequest(triggerId=us-central1-api) {"metadata":{"emulator":{"name":"functions"},"message":"[worker-pool] submitRequest(triggerId=us-central1-api)"}}
[debug] [2022-09-27T00:12:34.398Z] [worker-us-central1-api-31d63320-09d8-48bc-b074-4e2056416221]: BUSY {"metadata":{"emulator":{"name":"functions"},"message":"[worker-us-central1-api-31d63320-09d8-48bc-b074-4e2056416221]: BUSY"}}
[info] i  functions: Beginning execution of "api" {"metadata":{"emulator":{"name":"functions"},"function":{"name":"us-central1-api"},"extension":{},"message":"Beginning execution of \"api\""}}
[debug] [2022-09-27T00:12:34.404Z] [worker-us-central1-api-31d63320-09d8-48bc-b074-4e2056416221]: IDLE {"metadata":{"emulator":{"name":"functions"},"message":"[worker-us-central1-api-31d63320-09d8-48bc-b074-4e2056416221]: IDLE"}}
[debug] [2022-09-27T00:12:34.404Z] [work-queue] {"queueLength":0,"workRunningCount":0}
[info] i  functions: Finished "api" in 2.9715ms {"metadata":{"emulator":{"name":"functions"},"function":{"name":"us-central1-api"},"extension":{},"message":"Finished \"api\" in 2.9715ms"}}
[debug] [2022-09-27T00:12:50.208Z] [work-queue] {"queueLength":1,"workRunningCount":0}
[debug] [2022-09-27T00:12:50.208Z] [work-queue] {"queueLength":0,"workRunningCount":1}
[debug] [2022-09-27T00:12:50.209Z] Accepted request POST /clone-8ace2/us-central1/api/payments/create?total=3086 --> us-central1-api
[debug] [2022-09-27T00:12:50.211Z] [functions] Runtime ready! Sending request! {"metadata":{"emulator":{"name":"functions"},"message":"[functions] Runtime ready! Sending request!"}}
[debug] [2022-09-27T00:12:50.211Z] [functions] Got req.url=/clone-8ace2/us-central1/api/payments/create?total=3086, mapping to path=/payments/create?total=3086 {"metadata":{"emulator":{"name":"functions"},"message":"[functions] Got req.url=/clone-8ace2/us-central1/api/payments/create?total=3086, mapping to path=/payments/create?total=3086"}}
[debug] [2022-09-27T00:12:50.211Z] [worker-pool] submitRequest(triggerId=us-central1-api) {"metadata":{"emulator":{"name":"functions"},"message":"[worker-pool] submitRequest(triggerId=us-central1-api)"}}
[debug] [2022-09-27T00:12:50.211Z] [worker-us-central1-api-31d63320-09d8-48bc-b074-4e2056416221]: BUSY {"metadata":{"emulator":{"name":"functions"},"message":"[worker-us-central1-api-31d63320-09d8-48bc-b074-4e2056416221]: BUSY"}}
[debug] [2022-09-27T00:12:50.212Z] [work-queue] {"queueLength":1,"workRunningCount":1}
[debug] [2022-09-27T00:12:50.212Z] [work-queue] {"queueLength":0,"workRunningCount":2}
[debug] [2022-09-27T00:12:50.212Z] Accepted request POST /clone-8ace2/us-central1/api/payments/create?total=3086 --> us-central1-api
[debug] [2022-09-27T00:12:50.213Z] [functions] Runtime ready! Sending request! {"metadata":{"emulator":{"name":"functions"},"message":"[functions] Runtime ready! Sending request!"}}
[debug] [2022-09-27T00:12:50.213Z] [functions] Got req.url=/clone-8ace2/us-central1/api/payments/create?total=3086, mapping to path=/payments/create?total=3086 {"metadata":{"emulator":{"name":"functions"},"message":"[functions] Got req.url=/clone-8ace2/us-central1/api/payments/create?total=3086, mapping to path=/payments/create?total=3086"}}
[debug] [2022-09-27T00:12:50.276Z] [worker-pool] addWorker(us-central1-api) {"metadata":{"emulator":{"name":"functions"},"message":"[worker-pool] addWorker(us-central1-api)"}}
[debug] [2022-09-27T00:12:50.276Z] [worker-pool] Adding worker with key us-central1-api, total=2 {"metadata":{"emulator":{"name":"functions"},"message":"[worker-pool] Adding worker with key us-central1-api, total=2"}}
[info] i  functions: Beginning execution of "api" {"metadata":{"emulator":{"name":"functions"},"function":{"name":"us-central1-api"},"extension":{},"message":"Beginning execution of \"api\""}}
[info] >  Payment Request Received for the amount of >>> 3086 {"user":"Payment Request Received for the amount of >>> 3086","metadata":{"emulator":{"name":"functions"},"function":{"name":"us-central1-api"},"extension":{},"message":"\u001b[90m> \u001b[39m Payment Request Received for the amount of >>> 3086"}}
[debug] [2022-09-27T00:12:50.825Z] [worker-us-central1-api-31d63320-09d8-48bc-b074-4e2056416221]: IDLE {"metadata":{"emulator":{"name":"functions"},"message":"[worker-us-central1-api-31d63320-09d8-48bc-b074-4e2056416221]: IDLE"}}
[debug] [2022-09-27T00:12:50.825Z] [work-queue] {"queueLength":0,"workRunningCount":1}
[info] i  functions: Finished "api" in 545.6857ms {"metadata":{"emulator":{"name":"functions"},"function":{"name":"us-central1-api"},"extension":{},"message":"Finished \"api\" in 545.6857ms"}}
[debug] [2022-09-27T00:12:51.268Z] [runtime-status] [2192] Resolved module firebase-admin {"declared":true,"installed":true,"version":"10.3.0","resolution":"C:\\Users\\Connor\\Desktop\\Devmountain\\amazonCloneFinalProject\\amazon-clone\\functions\\node_modules\\firebase-admin\\lib\\index.js"} {"metadata":{"emulator":{"name":"functions"},"function":{"name":"us-central1-api"},"extension":{},"message":"[runtime-status] [2192] Resolved module firebase-admin {\"declared\":true,\"installed\":true,\"version\":\"10.3.0\",\"resolution\":\"C:\\\\Users\\\\Connor\\\\Desktop\\\\Devmountain\\\\amazonCloneFinalProject\\\\amazon-clone\\\\functions\\\\node_modules\\\\firebase-admin\\\\lib\\\\index.js\"}"}}
[debug] [2022-09-27T00:12:51.269Z] [runtime-status] [2192] Resolved module firebase-functions {"declared":true,"installed":true,"version":"3.24.0","resolution":"C:\\Users\\Connor\\Desktop\\Devmountain\\amazonCloneFinalProject\\amazon-clone\\functions\\node_modules\\firebase-functions\\lib\\index.js"} {"metadata":{"emulator":{"name":"functions"},"function":{"name":"us-central1-api"},"extension":{},"message":"[runtime-status] [2192] Resolved module firebase-functions {\"declared\":true,\"installed\":true,\"version\":\"3.24.0\",\"resolution\":\"C:\\\\Users\\\\Connor\\\\Desktop\\\\Devmountain\\\\amazonCloneFinalProject\\\\amazon-clone\\\\functions\\\\node_modules\\\\firebase-functions\\\\lib\\\\index.js\"}"}}
[debug] [2022-09-27T00:12:51.269Z] [runtime-status] [2192] Outgoing network have been stubbed. [{"name":"http","status":"mocked"},{"name":"http","status":"mocked"},{"name":"https","status":"mocked"},{"name":"https","status":"mocked"},{"name":"net","status":"mocked"}] {"metadata":{"emulator":{"name":"functions"},"function":{"name":"us-central1-api"},"extension":{},"message":"[runtime-status] [2192] Outgoing network have been stubbed. [{\"name\":\"http\",\"status\":\"mocked\"},{\"name\":\"http\",\"status\":\"mocked\"},{\"name\":\"https\",\"status\":\"mocked\"},{\"name\":\"https\",\"status\":\"mocked\"},{\"name\":\"net\",\"status\":\"mocked\"}]"}}
[debug] [2022-09-27T00:12:51.270Z] [runtime-status] [2192] Resolved module firebase-functions {"declared":true,"installed":true,"version":"3.24.0","resolution":"C:\\Users\\Connor\\Desktop\\Devmountain\\amazonCloneFinalProject\\amazon-clone\\functions\\node_modules\\firebase-functions\\lib\\index.js"} {"metadata":{"emulator":{"name":"functions"},"function":{"name":"us-central1-api"},"extension":{},"message":"[runtime-status] [2192] Resolved module firebase-functions {\"declared\":true,\"installed\":true,\"version\":\"3.24.0\",\"resolution\":\"C:\\\\Users\\\\Connor\\\\Desktop\\\\Devmountain\\\\amazonCloneFinalProject\\\\amazon-clone\\\\functions\\\\node_modules\\\\firebase-functions\\\\lib\\\\index.js\"}"}}
[debug] [2022-09-27T00:12:51.309Z] [runtime-status] [2192] Checked functions.config() {"config":{}} {"metadata":{"emulator":{"name":"functions"},"function":{"name":"us-central1-api"},"extension":{},"message":"[runtime-status] [2192] Checked functions.config() {\"config\":{}}"}}
[debug] [2022-09-27T00:12:51.310Z] [runtime-status] [2192] firebase-functions has been stubbed. {"functionsResolution":{"declared":true,"installed":true,"version":"3.24.0","resolution":"C:\\Users\\Connor\\Desktop\\Devmountain\\amazonCloneFinalProject\\amazon-clone\\functions\\node_modules\\firebase-functions\\lib\\index.js"}} {"metadata":{"emulator":{"name":"functions"},"function":{"name":"us-central1-api"},"extension":{},"message":"[runtime-status] [2192] firebase-functions has been stubbed. {\"functionsResolution\":{\"declared\":true,\"installed\":true,\"version\":\"3.24.0\",\"resolution\":\"C:\\\\Users\\\\Connor\\\\Desktop\\\\Devmountain\\\\amazonCloneFinalProject\\\\amazon-clone\\\\functions\\\\node_modules\\\\firebase-functions\\\\lib\\\\index.js\"}}"}}
[debug] [2022-09-27T00:12:51.310Z] [runtime-status] [2192] Resolved module firebase-functions {"declared":true,"installed":true,"version":"3.24.0","resolution":"C:\\Users\\Connor\\Desktop\\Devmountain\\amazonCloneFinalProject\\amazon-clone\\functions\\node_modules\\firebase-functions\\lib\\index.js"} {"metadata":{"emulator":{"name":"functions"},"function":{"name":"us-central1-api"},"extension":{},"message":"[runtime-status] [2192] Resolved module firebase-functions {\"declared\":true,\"installed\":true,\"version\":\"3.24.0\",\"resolution\":\"C:\\\\Users\\\\Connor\\\\Desktop\\\\Devmountain\\\\amazonCloneFinalProject\\\\amazon-clone\\\\functions\\\\node_modules\\\\firebase-functions\\\\lib\\\\index.js\"}"}}
[debug] [2022-09-27T00:12:51.311Z] [runtime-status] [2192] Resolved module firebase-admin {"declared":true,"installed":true,"version":"10.3.0","resolution":"C:\\Users\\Connor\\Desktop\\Devmountain\\amazonCloneFinalProject\\amazon-clone\\functions\\node_modules\\firebase-admin\\lib\\index.js"} {"metadata":{"emulator":{"name":"functions"},"function":{"name":"us-central1-api"},"extension":{},"message":"[runtime-status] [2192] Resolved module firebase-admin {\"declared\":true,\"installed\":true,\"version\":\"10.3.0\",\"resolution\":\"C:\\\\Users\\\\Connor\\\\Desktop\\\\Devmountain\\\\amazonCloneFinalProject\\\\amazon-clone\\\\functions\\\\node_modules\\\\firebase-admin\\\\lib\\\\index.js\"}"}}
[debug] [2022-09-27T00:12:51.312Z] [runtime-status] [2192] Resolved module firebase-functions {"declared":true,"installed":true,"version":"3.24.0","resolution":"C:\\Users\\Connor\\Desktop\\Devmountain\\amazonCloneFinalProject\\amazon-clone\\functions\\node_modules\\firebase-functions\\lib\\index.js"} {"metadata":{"emulator":{"name":"functions"},"function":{"name":"us-central1-api"},"extension":{},"message":"[runtime-status] [2192] Resolved module firebase-functions {\"declared\":true,\"installed\":true,\"version\":\"3.24.0\",\"resolution\":\"C:\\\\Users\\\\Connor\\\\Desktop\\\\Devmountain\\\\amazonCloneFinalProject\\\\amazon-clone\\\\functions\\\\node_modules\\\\firebase-functions\\\\lib\\\\index.js\"}"}}
[debug] [2022-09-27T00:12:51.312Z] [runtime-status] [2192] firebase-admin has been stubbed. {"adminResolution":{"declared":true,"installed":true,"version":"10.3.0","resolution":"C:\\Users\\Connor\\Desktop\\Devmountain\\amazonCloneFinalProject\\amazon-clone\\functions\\node_modules\\firebase-admin\\lib\\index.js"}} {"metadata":{"emulator":{"name":"functions"},"function":{"name":"us-central1-api"},"extension":{},"message":"[runtime-status] [2192] firebase-admin has been stubbed. {\"adminResolution\":{\"declared\":true,\"installed\":true,\"version\":\"10.3.0\",\"resolution\":\"C:\\\\Users\\\\Connor\\\\Desktop\\\\Devmountain\\\\amazonCloneFinalProject\\\\amazon-clone\\\\functions\\\\node_modules\\\\firebase-admin\\\\lib\\\\index.js\"}}"}}
[debug] [2022-09-27T00:12:51.468Z] [runtime-status] [2192] Functions runtime initialized. {"cwd":"C:\\Users\\Connor\\Desktop\\Devmountain\\amazonCloneFinalProject\\amazon-clone\\functions","node_version":"16.14.0"} {"metadata":{"emulator":{"name":"functions"},"function":{"name":"us-central1-api"},"extension":{},"message":"[runtime-status] [2192] Functions runtime initialized. {\"cwd\":\"C:\\\\Users\\\\Connor\\\\Desktop\\\\Devmountain\\\\amazonCloneFinalProject\\\\amazon-clone\\\\functions\",\"node_version\":\"16.14.0\"}"}}
[debug] [2022-09-27T00:12:51.468Z] [runtime-status] [2192] Listening to port: \\?\pipe\fire_emu_5f5aea464038ff83 {"metadata":{"emulator":{"name":"functions"},"function":{"name":"us-central1-api"},"extension":{},"message":"[runtime-status] [2192] Listening to port: \\\\?\\pipe\\fire_emu_5f5aea464038ff83"}}
[debug] [2022-09-27T00:12:51.493Z] [worker-pool] submitRequest(triggerId=us-central1-api) {"metadata":{"emulator":{"name":"functions"},"message":"[worker-pool] submitRequest(triggerId=us-central1-api)"}}
[debug] [2022-09-27T00:12:51.493Z] [worker-us-central1-api-31d63320-09d8-48bc-b074-4e2056416221]: BUSY {"metadata":{"emulator":{"name":"functions"},"message":"[worker-us-central1-api-31d63320-09d8-48bc-b074-4e2056416221]: BUSY"}}
[info] i  functions: Beginning execution of "api" {"metadata":{"emulator":{"name":"functions"},"function":{"name":"us-central1-api"},"extension":{},"message":"Beginning execution of \"api\""}}
[info] >  Payment Request Received for the amount of >>> 3086 {"user":"Payment Request Received for the amount of >>> 3086","metadata":{"emulator":{"name":"functions"},"function":{"name":"us-central1-api"},"extension":{},"message":"\u001b[90m> \u001b[39m Payment Request Received for the amount of >>> 3086"}}
[debug] [2022-09-27T00:12:51.771Z] [worker-us-central1-api-31d63320-09d8-48bc-b074-4e2056416221]: IDLE {"metadata":{"emulator":{"name":"functions"},"message":"[worker-us-central1-api-31d63320-09d8-48bc-b074-4e2056416221]: IDLE"}}
[debug] [2022-09-27T00:12:51.771Z] [work-queue] {"queueLength":0,"workRunningCount":0}
[info] i  functions: Finished "api" in 276.744ms {"metadata":{"emulator":{"name":"functions"},"function":{"name":"us-central1-api"},"extension":{},"message":"Finished \"api\" in 276.744ms"}}
